c:\users\wiebe\documents\minor\software_development\traffic\software_groep2\controller\controller\x64\debug\controller.pch
c:\users\wiebe\documents\minor\software_development\traffic\software_groep2\controller\controller\x64\debug\vc142.pdb
c:\users\wiebe\documents\minor\software_development\traffic\software_groep2\controller\controller\x64\debug\vc142.idb
c:\users\wiebe\documents\minor\software_development\traffic\software_groep2\controller\controller\x64\debug\pch.obj
c:\users\wiebe\documents\minor\software_development\traffic\software_groep2\controller\controller\x64\debug\trafficlight.obj
c:\users\wiebe\documents\minor\software_development\traffic\software_groep2\controller\controller\x64\debug\carlane.obj
c:\users\wiebe\documents\minor\software_development\traffic\software_groep2\controller\controller\x64\debug\controller.obj
c:\users\wiebe\documents\minor\software_development\traffic\software_groep2\controller\x64\debug\controller.exe
c:\users\wiebe\documents\minor\software_development\traffic\software_groep2\controller\x64\debug\controller.ilk
c:\users\wiebe\documents\minor\software_development\traffic\software_groep2\controller\x64\debug\controller.pdb
c:\users\wiebe\documents\minor\software_development\traffic\software_groep2\controller\controller\x64\debug\controller.res
d:\sd2 map\softwaredevelopment\controller\controller\x64\debug\carlane.obj
d:\sd2 map\softwaredevelopment\controller\controller\x64\debug\controller.obj
d:\sd2 map\softwaredevelopment\controller\controller\x64\debug\trafficlight.obj
d:\sd2 map\softwaredevelopment\controller\controller\x64\debug\controller.res
d:\sd2 map\softwaredevelopment\controller\controller\x64\debug\controller.pch
d:\sd2 map\softwaredevelopment\controller\controller\x64\debug\vc141.idb
d:\sd2 map\softwaredevelopment\controller\controller\x64\debug\vc142.idb
d:\sd2 map\softwaredevelopment\controller\controller\x64\debug\vc141.pdb
d:\sd2 map\softwaredevelopment\controller\controller\x64\debug\vc142.pdb
d:\sd2 map\softwaredevelopment\controller\x64\debug\controller.pdb
d:\sd2 map\softwaredevelopment\controller\x64\debug\controller.exe
d:\sd2 map\softwaredevelopment\controller\x64\debug\controller.ilk
d:\sd2 map\softwaredevelopment\controller\controller\x64\debug\controller.tlog\cl.command.1.tlog
d:\sd2 map\softwaredevelopment\controller\controller\x64\debug\controller.tlog\cl.read.1.tlog
d:\sd2 map\softwaredevelopment\controller\controller\x64\debug\controller.tlog\cl.write.1.tlog
d:\sd2 map\softwaredevelopment\controller\controller\x64\debug\controller.tlog\link.command.1.tlog
d:\sd2 map\softwaredevelopment\controller\controller\x64\debug\controller.tlog\link.read.1.tlog
d:\sd2 map\softwaredevelopment\controller\controller\x64\debug\controller.tlog\link.write.1.tlog
d:\sd2 map\softwaredevelopment\controller\controller\x64\debug\controller.tlog\rc.command.1.tlog
d:\sd2 map\softwaredevelopment\controller\controller\x64\debug\controller.tlog\rc.read.1.tlog
d:\sd2 map\softwaredevelopment\controller\controller\x64\debug\controller.tlog\rc.write.1.tlog
